{"/home/william/repos/battleships/src/battleship.js": {"path":"/home/william/repos/battleships/src/battleship.js","statementMap":{"0":{"start":{"line":1,"column":16},"end":{"line":1,"column":18}},"1":{"start":{"line":5,"column":8},"end":{"line":5,"column":29}},"2":{"start":{"line":6,"column":8},"end":{"line":6,"column":48}},"3":{"start":{"line":7,"column":8},"end":{"line":7,"column":25}},"4":{"start":{"line":8,"column":8},"end":{"line":8,"column":26}},"5":{"start":{"line":9,"column":8},"end":{"line":9,"column":33}},"6":{"start":{"line":10,"column":8},"end":{"line":10,"column":27}},"7":{"start":{"line":14,"column":8},"end":{"line":14,"column":18}},"8":{"start":{"line":15,"column":8},"end":{"line":17,"column":9}},"9":{"start":{"line":16,"column":12},"end":{"line":16,"column":28}},"10":{"start":{"line":21,"column":8},"end":{"line":21,"column":25}},"11":{"start":{"line":25,"column":8},"end":{"line":39,"column":9}},"12":{"start":{"line":26,"column":12},"end":{"line":26,"column":30}},"13":{"start":{"line":28,"column":13},"end":{"line":39,"column":9}},"14":{"start":{"line":29,"column":12},"end":{"line":29,"column":30}},"15":{"start":{"line":31,"column":13},"end":{"line":39,"column":9}},"16":{"start":{"line":32,"column":12},"end":{"line":32,"column":29}},"17":{"start":{"line":36,"column":26},"end":{"line":36,"column":48}},"18":{"start":{"line":37,"column":12},"end":{"line":37,"column":42}},"19":{"start":{"line":38,"column":12},"end":{"line":38,"column":34}}},"fnMap":{"0":{"name":"(anonymous_0)","decl":{"start":{"line":4,"column":4},"end":{"line":4,"column":5}},"loc":{"start":{"line":4,"column":41},"end":{"line":11,"column":5}},"line":4},"1":{"name":"(anonymous_1)","decl":{"start":{"line":13,"column":4},"end":{"line":13,"column":5}},"loc":{"start":{"line":13,"column":14},"end":{"line":18,"column":5}},"line":13},"2":{"name":"(anonymous_2)","decl":{"start":{"line":20,"column":4},"end":{"line":20,"column":5}},"loc":{"start":{"line":20,"column":15},"end":{"line":22,"column":5}},"line":20},"3":{"name":"(anonymous_3)","decl":{"start":{"line":24,"column":4},"end":{"line":24,"column":5}},"loc":{"start":{"line":24,"column":27},"end":{"line":40,"column":5}},"line":24}},"branchMap":{"0":{"loc":{"start":{"line":15,"column":8},"end":{"line":17,"column":9}},"type":"if","locations":[{"start":{"line":15,"column":8},"end":{"line":17,"column":9}},{"start":{},"end":{}}],"line":15},"1":{"loc":{"start":{"line":25,"column":8},"end":{"line":39,"column":9}},"type":"if","locations":[{"start":{"line":25,"column":8},"end":{"line":39,"column":9}},{"start":{"line":28,"column":13},"end":{"line":39,"column":9}}],"line":25},"2":{"loc":{"start":{"line":28,"column":13},"end":{"line":39,"column":9}},"type":"if","locations":[{"start":{"line":28,"column":13},"end":{"line":39,"column":9}},{"start":{"line":31,"column":13},"end":{"line":39,"column":9}}],"line":28},"3":{"loc":{"start":{"line":31,"column":13},"end":{"line":39,"column":9}},"type":"if","locations":[{"start":{"line":31,"column":13},"end":{"line":39,"column":9}},{"start":{"line":35,"column":13},"end":{"line":39,"column":9}}],"line":31},"4":{"loc":{"start":{"line":36,"column":26},"end":{"line":36,"column":48}},"type":"binary-expr","locations":[{"start":{"line":36,"column":26},"end":{"line":36,"column":43}},{"start":{"line":36,"column":47},"end":{"line":36,"column":48}}],"line":36}},"s":{"0":1,"1":0,"2":0,"3":0,"4":0,"5":0,"6":0,"7":0,"8":0,"9":0,"10":0,"11":0,"12":0,"13":0,"14":0,"15":0,"16":0,"17":0,"18":0,"19":0},"f":{"0":0,"1":0,"2":0,"3":0},"b":{"0":[0,0],"1":[0,0],"2":[0,0],"3":[0,0],"4":[0,0]},"_coverageSchema":"1a1c01bbd47fc00a2c39e90264f33305004495a9","hash":"d85674ef1b9c933b61e1e4157bb1eb4d3ab594c0"}
,"/home/william/repos/battleships/src/gameboard.js": {"path":"/home/william/repos/battleships/src/gameboard.js","statementMap":{"0":{"start":{"line":3,"column":8},"end":{"line":3,"column":75}},"1":{"start":{"line":3,"column":57},"end":{"line":3,"column":73}},"2":{"start":{"line":4,"column":8},"end":{"line":4,"column":61}},"3":{"start":{"line":5,"column":8},"end":{"line":5,"column":26}},"4":{"start":{"line":6,"column":8},"end":{"line":6,"column":38}},"5":{"start":{"line":7,"column":8},"end":{"line":7,"column":71}},"6":{"start":{"line":8,"column":8},"end":{"line":8,"column":39}},"7":{"start":{"line":12,"column":8},"end":{"line":20,"column":9}},"8":{"start":{"line":12,"column":21},"end":{"line":12,"column":22}},"9":{"start":{"line":13,"column":22},"end":{"line":13,"column":53}},"10":{"start":{"line":14,"column":12},"end":{"line":19,"column":13}},"11":{"start":{"line":14,"column":25},"end":{"line":14,"column":26}},"12":{"start":{"line":15,"column":27},"end":{"line":15,"column":44}},"13":{"start":{"line":16,"column":16},"end":{"line":16,"column":47}},"14":{"start":{"line":17,"column":16},"end":{"line":17,"column":37}},"15":{"start":{"line":18,"column":16},"end":{"line":18,"column":40}},"16":{"start":{"line":23,"column":8},"end":{"line":32,"column":11}},"17":{"start":{"line":24,"column":12},"end":{"line":31,"column":13}},"18":{"start":{"line":25,"column":28},"end":{"line":25,"column":62}},"19":{"start":{"line":26,"column":31},"end":{"line":26,"column":68}},"20":{"start":{"line":27,"column":36},"end":{"line":27,"column":49}},"21":{"start":{"line":29,"column":16},"end":{"line":29,"column":54}},"22":{"start":{"line":30,"column":16},"end":{"line":30,"column":71}},"23":{"start":{"line":36,"column":44},"end":{"line":36,"column":48}},"24":{"start":{"line":37,"column":27},"end":{"line":37,"column":35}},"25":{"start":{"line":39,"column":8},"end":{"line":61,"column":9}},"26":{"start":{"line":40,"column":12},"end":{"line":44,"column":13}},"27":{"start":{"line":40,"column":25},"end":{"line":40,"column":26}},"28":{"start":{"line":41,"column":16},"end":{"line":43,"column":17}},"29":{"start":{"line":42,"column":20},"end":{"line":42,"column":33}},"30":{"start":{"line":45,"column":12},"end":{"line":49,"column":13}},"31":{"start":{"line":45,"column":25},"end":{"line":45,"column":26}},"32":{"start":{"line":46,"column":16},"end":{"line":46,"column":49}},"33":{"start":{"line":47,"column":29},"end":{"line":47,"column":72}},"34":{"start":{"line":48,"column":16},"end":{"line":48,"column":48}},"35":{"start":{"line":50,"column":15},"end":{"line":61,"column":9}},"36":{"start":{"line":51,"column":12},"end":{"line":55,"column":13}},"37":{"start":{"line":51,"column":25},"end":{"line":51,"column":26}},"38":{"start":{"line":52,"column":16},"end":{"line":54,"column":17}},"39":{"start":{"line":53,"column":20},"end":{"line":53,"column":33}},"40":{"start":{"line":56,"column":12},"end":{"line":60,"column":13}},"41":{"start":{"line":56,"column":25},"end":{"line":56,"column":26}},"42":{"start":{"line":57,"column":16},"end":{"line":57,"column":49}},"43":{"start":{"line":58,"column":29},"end":{"line":58,"column":72}},"44":{"start":{"line":59,"column":16},"end":{"line":59,"column":48}},"45":{"start":{"line":62,"column":8},"end":{"line":62,"column":20}},"46":{"start":{"line":66,"column":8},"end":{"line":72,"column":9}},"47":{"start":{"line":67,"column":12},"end":{"line":67,"column":44}},"48":{"start":{"line":68,"column":12},"end":{"line":68,"column":25}},"49":{"start":{"line":70,"column":13},"end":{"line":72,"column":9}},"50":{"start":{"line":71,"column":12},"end":{"line":71,"column":27}},"51":{"start":{"line":77,"column":8},"end":{"line":77,"column":39}},"52":{"start":{"line":82,"column":31},"end":{"line":82,"column":52}},"53":{"start":{"line":83,"column":23},"end":{"line":83,"column":73}},"54":{"start":{"line":83,"column":53},"end":{"line":83,"column":65}},"55":{"start":{"line":84,"column":8},"end":{"line":84,"column":27}},"56":{"start":{"line":89,"column":8},"end":{"line":89,"column":39}}},"fnMap":{"0":{"name":"(anonymous_0)","decl":{"start":{"line":2,"column":4},"end":{"line":2,"column":5}},"loc":{"start":{"line":2,"column":18},"end":{"line":9,"column":5}},"line":2},"1":{"name":"(anonymous_1)","decl":{"start":{"line":3,"column":51},"end":{"line":3,"column":52}},"loc":{"start":{"line":3,"column":57},"end":{"line":3,"column":73}},"line":3},"2":{"name":"(anonymous_2)","decl":{"start":{"line":10,"column":4},"end":{"line":10,"column":5}},"loc":{"start":{"line":10,"column":17},"end":{"line":21,"column":5}},"line":10},"3":{"name":"(anonymous_3)","decl":{"start":{"line":22,"column":4},"end":{"line":22,"column":5}},"loc":{"start":{"line":22,"column":29},"end":{"line":33,"column":5}},"line":22},"4":{"name":"(anonymous_4)","decl":{"start":{"line":23,"column":53},"end":{"line":23,"column":54}},"loc":{"start":{"line":23,"column":64},"end":{"line":32,"column":9}},"line":23},"5":{"name":"(anonymous_5)","decl":{"start":{"line":35,"column":4},"end":{"line":35,"column":5}},"loc":{"start":{"line":35,"column":20},"end":{"line":63,"column":5}},"line":35},"6":{"name":"(anonymous_6)","decl":{"start":{"line":65,"column":4},"end":{"line":65,"column":5}},"loc":{"start":{"line":65,"column":21},"end":{"line":75,"column":5}},"line":65},"7":{"name":"(anonymous_7)","decl":{"start":{"line":76,"column":4},"end":{"line":76,"column":5}},"loc":{"start":{"line":76,"column":10},"end":{"line":78,"column":5}},"line":76},"8":{"name":"(anonymous_8)","decl":{"start":{"line":81,"column":4},"end":{"line":81,"column":5}},"loc":{"start":{"line":81,"column":18},"end":{"line":85,"column":5}},"line":81},"9":{"name":"(anonymous_9)","decl":{"start":{"line":83,"column":45},"end":{"line":83,"column":46}},"loc":{"start":{"line":83,"column":53},"end":{"line":83,"column":65}},"line":83},"10":{"name":"(anonymous_10)","decl":{"start":{"line":87,"column":4},"end":{"line":87,"column":5}},"loc":{"start":{"line":87,"column":12},"end":{"line":90,"column":5}},"line":87}},"branchMap":{"0":{"loc":{"start":{"line":24,"column":12},"end":{"line":31,"column":13}},"type":"if","locations":[{"start":{"line":24,"column":12},"end":{"line":31,"column":13}},{"start":{},"end":{}}],"line":24},"1":{"loc":{"start":{"line":39,"column":8},"end":{"line":61,"column":9}},"type":"if","locations":[{"start":{"line":39,"column":8},"end":{"line":61,"column":9}},{"start":{"line":50,"column":15},"end":{"line":61,"column":9}}],"line":39},"2":{"loc":{"start":{"line":41,"column":16},"end":{"line":43,"column":17}},"type":"if","locations":[{"start":{"line":41,"column":16},"end":{"line":43,"column":17}},{"start":{},"end":{}}],"line":41},"3":{"loc":{"start":{"line":41,"column":20},"end":{"line":41,"column":70}},"type":"binary-expr","locations":[{"start":{"line":41,"column":20},"end":{"line":41,"column":32}},{"start":{"line":41,"column":36},"end":{"line":41,"column":70}}],"line":41},"4":{"loc":{"start":{"line":50,"column":15},"end":{"line":61,"column":9}},"type":"if","locations":[{"start":{"line":50,"column":15},"end":{"line":61,"column":9}},{"start":{},"end":{}}],"line":50},"5":{"loc":{"start":{"line":52,"column":16},"end":{"line":54,"column":17}},"type":"if","locations":[{"start":{"line":52,"column":16},"end":{"line":54,"column":17}},{"start":{},"end":{}}],"line":52},"6":{"loc":{"start":{"line":52,"column":20},"end":{"line":52,"column":70}},"type":"binary-expr","locations":[{"start":{"line":52,"column":20},"end":{"line":52,"column":32}},{"start":{"line":52,"column":36},"end":{"line":52,"column":70}}],"line":52},"7":{"loc":{"start":{"line":66,"column":8},"end":{"line":72,"column":9}},"type":"if","locations":[{"start":{"line":66,"column":8},"end":{"line":72,"column":9}},{"start":{"line":70,"column":13},"end":{"line":72,"column":9}}],"line":66},"8":{"loc":{"start":{"line":70,"column":13},"end":{"line":72,"column":9}},"type":"if","locations":[{"start":{"line":70,"column":13},"end":{"line":72,"column":9}},{"start":{},"end":{}}],"line":70}},"s":{"0":4,"1":32,"2":4,"3":0,"4":0,"5":0,"6":0,"7":0,"8":0,"9":0,"10":0,"11":0,"12":0,"13":0,"14":0,"15":0,"16":0,"17":0,"18":0,"19":0,"20":0,"21":0,"22":0,"23":0,"24":0,"25":0,"26":0,"27":0,"28":0,"29":0,"30":0,"31":0,"32":0,"33":0,"34":0,"35":0,"36":0,"37":0,"38":0,"39":0,"40":0,"41":0,"42":0,"43":0,"44":0,"45":0,"46":0,"47":0,"48":0,"49":0,"50":0,"51":0,"52":0,"53":0,"54":0,"55":0,"56":0},"f":{"0":4,"1":32,"2":0,"3":0,"4":0,"5":0,"6":0,"7":0,"8":0,"9":0,"10":0},"b":{"0":[0,0],"1":[0,0],"2":[0,0],"3":[0,0],"4":[0,0],"5":[0,0],"6":[0,0],"7":[0,0],"8":[0,0]},"_coverageSchema":"1a1c01bbd47fc00a2c39e90264f33305004495a9","hash":"2ba657923fa97333aa85efae0d4a2914a8d9532d"}
}
